<?xml version="1.0" encoding="UTF-8"?>
<testng-results ignored="0" total="1" passed="1" failed="0" skipped="0">
  <reporter-output>
  </reporter-output>
  <suite started-at="2022-09-22T08:23:01 CAT" name="Default suite" finished-at="2022-09-22T08:23:10 CAT" duration-ms="8684">
    <groups>
    </groups>
    <test started-at="2022-09-22T08:23:01 CAT" name="Default test" finished-at="2022-09-22T08:23:10 CAT" duration-ms="8684">
      <class name="NewTest">
        <test-method signature="jsonIterateArr()[pri:0, instance:NewTest@64e7619d]" started-at="2022-09-22T08:23:01 CAT" name="jsonIterateArr" finished-at="2022-09-22T08:23:10 CAT" duration-ms="8414" status="PASS">
          <reporter-output>
          </reporter-output>
        </test-method> <!-- jsonIterateArr -->
      </class> <!-- NewTest -->
    </test> <!-- Default test -->
  </suite> <!-- Default suite -->
</testng-results>
