<?xml version="1.0" encoding="UTF-8"?>
<testng-results ignored="0" total="1" passed="1" failed="0" skipped="0">
  <reporter-output>
  </reporter-output>
  <suite started-at="2022-09-22T16:15:20 CAT" name="Default suite" finished-at="2022-09-22T16:16:02 CAT" duration-ms="41574">
    <groups>
    </groups>
    <test started-at="2022-09-22T16:15:20 CAT" name="Default test" finished-at="2022-09-22T16:16:02 CAT" duration-ms="41574">
      <class name="com.example.UITest">
        <test-method is-config="true" signature="beforeMethod()[pri:0, instance:com.example.UITest@101952da]" started-at="2022-09-22T16:15:20 CAT" name="beforeMethod" finished-at="2022-09-22T16:15:25 CAT" duration-ms="4303" status="PASS">
          <reporter-output>
          </reporter-output>
        </test-method> <!-- beforeMethod -->
        <test-method signature="scenario1()[pri:0, instance:com.example.UITest@101952da]" started-at="2022-09-22T16:15:25 CAT" name="scenario1" finished-at="2022-09-22T16:16:01 CAT" duration-ms="36220" status="PASS">
          <reporter-output>
          </reporter-output>
        </test-method> <!-- scenario1 -->
        <test-method is-config="true" signature="afterMethod()[pri:0, instance:com.example.UITest@101952da]" started-at="2022-09-22T16:16:01 CAT" name="afterMethod" finished-at="2022-09-22T16:16:02 CAT" duration-ms="974" status="PASS">
          <reporter-output>
          </reporter-output>
        </test-method> <!-- afterMethod -->
      </class> <!-- com.example.UITest -->
    </test> <!-- Default test -->
  </suite> <!-- Default suite -->
</testng-results>
